[1014/132031.450:ERROR:filesystem_win.cc(129)] GetFileAttributes C:\Users\V J DoN\AppData\Local\Google\Chrome\User Data\Crashpad\attachments\039708f4-bd79-4207-94ab-ee6dd0d5f65b: The system cannot find the path specified. (0x3)
[1014/132031.466:ERROR:filesystem_win.cc(129)] GetFileAttributes C:\Users\V J DoN\AppData\Local\Google\Chrome\User Data\Crashpad\attachments\03c23c5b-1600-41f0-b6a0-7437d6388661: The system cannot find the path specified. (0x3)
[1014/132031.481:ERROR:filesystem_win.cc(129)] GetFileAttributes C:\Users\V J DoN\AppData\Local\Google\Chrome\User Data\Crashpad\attachments\06786690-8410-44c5-bda6-366b09b3f026: The system cannot find the path specified. (0x3)
[1014/132031.497:ERROR:filesystem_win.cc(129)] GetFileAttributes C:\Users\V J DoN\AppData\Local\Google\Chrome\User Data\Crashpad\attachments\06a3953b-bfed-40e0-b82b-dfb72d926b12: The system cannot find the path specified. (0x3)
[1014/132031.512:ERROR:filesystem_win.cc(129)] GetFileAttributes C:\Users\V J DoN\AppData\Local\Google\Chrome\User Data\Crashpad\attachments\0717bfe9-0601-43bb-84ce-cd903cfac7ac: The system cannot find the path specified. (0x3)
[1014/132031.528:ERROR:filesystem_win.cc(129)] GetFileAttributes C:\Users\V J DoN\AppData\Local\Google\Chrome\User Data\Crashpad\attachments\08601cda-65f8-452c-af0d-6864f3782c88: The system cannot find the path specified. (0x3)
[1014/132031.528:ERROR:filesystem_win.cc(129)] GetFileAttributes C:\Users\V J DoN\AppData\Local\Google\Chrome\User Data\Crashpad\attachments\0b192d1a-4a87-4826-9672-ace9672c829a: The system cannot find the path specified. (0x3)
[1014/132031.566:ERROR:filesystem_win.cc(129)] GetFileAttributes C:\Users\V J DoN\AppData\Local\Google\Chrome\User Data\Crashpad\attachments\0f1c4925-b861-4345-9384-5e9c71d7abb1: The system cannot find the path specified. (0x3)
[1014/132031.582:ERROR:filesystem_win.cc(129)] GetFileAttributes C:\Users\V J DoN\AppData\Local\Google\Chrome\User Data\Crashpad\attachments\10d5cbd0-c62b-438b-91ba-e592c823405e: The system cannot find the path specified. (0x3)
[1014/132031.592:ERROR:filesystem_win.cc(129)] GetFileAttributes C:\Users\V J DoN\AppData\Local\Google\Chrome\User Data\Crashpad\attachments\13495067-4e86-416b-b08c-49c2fe07c7c7: The system cannot find the path specified. (0x3)
[1014/132031.602:ERROR:filesystem_win.cc(129)] GetFileAttributes C:\Users\V J DoN\AppData\Local\Google\Chrome\User Data\Crashpad\attachments\1695c918-e982-4d86-959d-e663db941024: The system cannot find the path specified. (0x3)
[1014/132031.619:ERROR:filesystem_win.cc(129)] GetFileAttributes C:\Users\V J DoN\AppData\Local\Google\Chrome\User Data\Crashpad\attachments\19506ec0-2f07-4b11-9356-26c566aaa930: The system cannot find the path specified. (0x3)
[1014/132031.622:ERROR:filesystem_win.cc(129)] GetFileAttributes C:\Users\V J DoN\AppData\Local\Google\Chrome\User Data\Crashpad\attachments\1d6e3184-eafb-47fe-82a3-e3138c8cad19: The system cannot find the path specified. (0x3)
[1014/132031.629:ERROR:filesystem_win.cc(129)] GetFileAttributes C:\Users\V J DoN\AppData\Local\Google\Chrome\User Data\Crashpad\attachments\1dfb2d61-2052-4fd1-8c11-e29aa0427401: The system cannot find the path specified. (0x3)
[1014/132031.629:ERROR:filesystem_win.cc(129)] GetFileAttributes C:\Users\V J DoN\AppData\Local\Google\Chrome\User Data\Crashpad\attachments\206f582a-8ef1-4a1d-b1d9-f5742e195e87: The system cannot find the path specified. (0x3)
[1014/132031.629:ERROR:filesystem_win.cc(129)] GetFileAttributes C:\Users\V J DoN\AppData\Local\Google\Chrome\User Data\Crashpad\attachments\24c54ab3-c647-4d9e-bd73-f9fd01ba7a3c: The system cannot find the path specified. (0x3)
[1014/132031.644:ERROR:filesystem_win.cc(129)] GetFileAttributes C:\Users\V J DoN\AppData\Local\Google\Chrome\User Data\Crashpad\attachments\25226570-2725-4f5d-aeb9-109946bf5aea: The system cannot find the path specified. (0x3)
[1014/132031.651:ERROR:filesystem_win.cc(129)] GetFileAttributes C:\Users\V J DoN\AppData\Local\Google\Chrome\User Data\Crashpad\attachments\2c12a0c3-8a6c-40c0-ab9f-0ab6278f1376: The system cannot find the path specified. (0x3)
[1014/132031.651:ERROR:filesystem_win.cc(129)] GetFileAttributes C:\Users\V J DoN\AppData\Local\Google\Chrome\User Data\Crashpad\attachments\2dfc8ebb-b27b-4a39-8dc5-959bdb7a0ae2: The system cannot find the path specified. (0x3)
[1014/132031.666:ERROR:filesystem_win.cc(129)] GetFileAttributes C:\Users\V J DoN\AppData\Local\Google\Chrome\User Data\Crashpad\attachments\2ef4dfbf-c1fc-49f0-9feb-56401d096692: The system cannot find the path specified. (0x3)
[1014/132031.666:ERROR:filesystem_win.cc(129)] GetFileAttributes C:\Users\V J DoN\AppData\Local\Google\Chrome\User Data\Crashpad\attachments\35d9b357-9601-4426-835f-a37e7543b3e3: The system cannot find the path specified. (0x3)
[1014/132031.666:ERROR:filesystem_win.cc(129)] GetFileAttributes C:\Users\V J DoN\AppData\Local\Google\Chrome\User Data\Crashpad\attachments\3b7acb60-2c5d-49c0-97d6-9bb94ed32a0f: The system cannot find the path specified. (0x3)
[1014/132031.666:ERROR:filesystem_win.cc(129)] GetFileAttributes C:\Users\V J DoN\AppData\Local\Google\Chrome\User Data\Crashpad\attachments\3c86b701-7f65-4446-bb81-a03932b78189: The system cannot find the path specified. (0x3)
[1014/132031.682:ERROR:filesystem_win.cc(129)] GetFileAttributes C:\Users\V J DoN\AppData\Local\Google\Chrome\User Data\Crashpad\attachments\3d450909-82dc-49d5-8689-890781023e85: The system cannot find the path specified. (0x3)
[1014/132031.682:ERROR:filesystem_win.cc(129)] GetFileAttributes C:\Users\V J DoN\AppData\Local\Google\Chrome\User Data\Crashpad\attachments\3e5ac1df-5eb7-4a20-a6de-27e6dd49b46f: The system cannot find the path specified. (0x3)
[1014/132031.682:ERROR:filesystem_win.cc(129)] GetFileAttributes C:\Users\V J DoN\AppData\Local\Google\Chrome\User Data\Crashpad\attachments\47d7fd30-954e-4295-abbc-837dc3830b99: The system cannot find the path specified. (0x3)
[1014/132031.682:ERROR:filesystem_win.cc(129)] GetFileAttributes C:\Users\V J DoN\AppData\Local\Google\Chrome\User Data\Crashpad\attachments\496db7ae-6fce-458a-ba4d-6c612478a6d9: The system cannot find the path specified. (0x3)
[1014/132031.682:ERROR:filesystem_win.cc(129)] GetFileAttributes C:\Users\V J DoN\AppData\Local\Google\Chrome\User Data\Crashpad\attachments\49f48938-dfdb-453a-9e0b-abd423584acb: The system cannot find the path specified. (0x3)
[1014/132031.682:ERROR:filesystem_win.cc(129)] GetFileAttributes C:\Users\V J DoN\AppData\Local\Google\Chrome\User Data\Crashpad\attachments\4d39f965-0731-41fa-ad77-31e18c1c8a4b: The system cannot find the path specified. (0x3)
[1014/132031.682:ERROR:filesystem_win.cc(129)] GetFileAttributes C:\Users\V J DoN\AppData\Local\Google\Chrome\User Data\Crashpad\attachments\4fbd97e9-1d83-45a7-8c9f-eaee5d754441: The system cannot find the path specified. (0x3)
[1014/132031.682:ERROR:filesystem_win.cc(129)] GetFileAttributes C:\Users\V J DoN\AppData\Local\Google\Chrome\User Data\Crashpad\attachments\53c1a3bb-2ab4-4b16-aab4-d2a57f62cd27: The system cannot find the path specified. (0x3)
[1014/132031.697:ERROR:filesystem_win.cc(129)] GetFileAttributes C:\Users\V J DoN\AppData\Local\Google\Chrome\User Data\Crashpad\attachments\5f97b12b-1c2a-402e-9e71-1b84dc14782f: The system cannot find the path specified. (0x3)
[1014/132031.697:ERROR:filesystem_win.cc(129)] GetFileAttributes C:\Users\V J DoN\AppData\Local\Google\Chrome\User Data\Crashpad\attachments\680c1ae4-fd7d-435a-9d5f-46dcde85891d: The system cannot find the path specified. (0x3)
[1014/132031.697:ERROR:filesystem_win.cc(129)] GetFileAttributes C:\Users\V J DoN\AppData\Local\Google\Chrome\User Data\Crashpad\attachments\686d7ec5-2623-4565-9524-4f8276dff70b: The system cannot find the path specified. (0x3)
[1014/132031.697:ERROR:filesystem_win.cc(129)] GetFileAttributes C:\Users\V J DoN\AppData\Local\Google\Chrome\User Data\Crashpad\attachments\6ec08a6d-0f96-41d9-9b4f-68843de128d9: The system cannot find the path specified. (0x3)
[1014/132031.697:ERROR:filesystem_win.cc(129)] GetFileAttributes C:\Users\V J DoN\AppData\Local\Google\Chrome\User Data\Crashpad\attachments\6f0408d5-9084-4440-a44f-23539fea4f71: The system cannot find the path specified. (0x3)
[1014/132031.697:ERROR:filesystem_win.cc(129)] GetFileAttributes C:\Users\V J DoN\AppData\Local\Google\Chrome\User Data\Crashpad\attachments\748a25b3-cfae-4d77-bcc1-4278ff2ce652: The system cannot find the path specified. (0x3)
[1014/132031.697:ERROR:filesystem_win.cc(129)] GetFileAttributes C:\Users\V J DoN\AppData\Local\Google\Chrome\User Data\Crashpad\attachments\7889b23a-a1d1-4b65-82b1-13afc4a749ee: The system cannot find the path specified. (0x3)
[1014/132031.713:ERROR:filesystem_win.cc(129)] GetFileAttributes C:\Users\V J DoN\AppData\Local\Google\Chrome\User Data\Crashpad\attachments\78fd4d6c-1e01-4dc2-a13a-02914c7726e5: The system cannot find the path specified. (0x3)
[1014/132031.713:ERROR:filesystem_win.cc(129)] GetFileAttributes C:\Users\V J DoN\AppData\Local\Google\Chrome\User Data\Crashpad\attachments\7919958f-a5b9-46fa-8118-696a3643b088: The system cannot find the path specified. (0x3)
[1014/132031.713:ERROR:filesystem_win.cc(129)] GetFileAttributes C:\Users\V J DoN\AppData\Local\Google\Chrome\User Data\Crashpad\attachments\8145274a-0d80-480b-ba87-c72d3b6c9643: The system cannot find the path specified. (0x3)
[1014/132031.729:ERROR:filesystem_win.cc(129)] GetFileAttributes C:\Users\V J DoN\AppData\Local\Google\Chrome\User Data\Crashpad\attachments\8f6d37dc-edb8-497a-827e-be9f0dd13e94: The system cannot find the path specified. (0x3)
[1014/132031.729:ERROR:filesystem_win.cc(129)] GetFileAttributes C:\Users\V J DoN\AppData\Local\Google\Chrome\User Data\Crashpad\attachments\92793f50-1a65-47ff-affa-97b81476b584: The system cannot find the path specified. (0x3)
[1014/132031.729:ERROR:filesystem_win.cc(129)] GetFileAttributes C:\Users\V J DoN\AppData\Local\Google\Chrome\User Data\Crashpad\attachments\9356e6e0-9a6e-4b26-9b87-c8409d5e69ba: The system cannot find the path specified. (0x3)
[1014/132031.729:ERROR:filesystem_win.cc(129)] GetFileAttributes C:\Users\V J DoN\AppData\Local\Google\Chrome\User Data\Crashpad\attachments\95900252-2164-44f1-bb89-ed37ebd527c7: The system cannot find the path specified. (0x3)
[1014/132031.729:ERROR:filesystem_win.cc(129)] GetFileAttributes C:\Users\V J DoN\AppData\Local\Google\Chrome\User Data\Crashpad\attachments\97dcec00-60b9-450c-a742-dcd0c3942242: The system cannot find the path specified. (0x3)
[1014/132031.729:ERROR:filesystem_win.cc(129)] GetFileAttributes C:\Users\V J DoN\AppData\Local\Google\Chrome\User Data\Crashpad\attachments\98ac1092-1e0c-46fe-9e14-8ea22da44daf: The system cannot find the path specified. (0x3)
[1014/132031.744:ERROR:filesystem_win.cc(129)] GetFileAttributes C:\Users\V J DoN\AppData\Local\Google\Chrome\User Data\Crashpad\attachments\a9b7ec9b-dcd1-44cf-8098-ae5e1c14f072: The system cannot find the path specified. (0x3)
[1014/132031.744:ERROR:filesystem_win.cc(129)] GetFileAttributes C:\Users\V J DoN\AppData\Local\Google\Chrome\User Data\Crashpad\attachments\ab663641-6ce1-43d0-98ee-e34e077e6bf4: The system cannot find the path specified. (0x3)
[1014/132031.744:ERROR:filesystem_win.cc(129)] GetFileAttributes C:\Users\V J DoN\AppData\Local\Google\Chrome\User Data\Crashpad\attachments\af1594a9-b56f-4bf5-9f3f-83dde156c90c: The system cannot find the path specified. (0x3)
[1014/132031.744:ERROR:filesystem_win.cc(129)] GetFileAttributes C:\Users\V J DoN\AppData\Local\Google\Chrome\User Data\Crashpad\attachments\afcdf1a0-18d5-4faf-8057-0e8d05d2727f: The system cannot find the path specified. (0x3)
[1014/132031.751:ERROR:filesystem_win.cc(129)] GetFileAttributes C:\Users\V J DoN\AppData\Local\Google\Chrome\User Data\Crashpad\attachments\b47a856b-663a-42e4-a5fc-4152b563422b: The system cannot find the path specified. (0x3)
[1014/132031.751:ERROR:filesystem_win.cc(129)] GetFileAttributes C:\Users\V J DoN\AppData\Local\Google\Chrome\User Data\Crashpad\attachments\bad5ceeb-194d-4a9d-b5d4-05d2e990e589: The system cannot find the path specified. (0x3)
[1014/132031.751:ERROR:filesystem_win.cc(129)] GetFileAttributes C:\Users\V J DoN\AppData\Local\Google\Chrome\User Data\Crashpad\attachments\bb1d102a-de48-4796-99f5-f1a98bf559d8: The system cannot find the path specified. (0x3)
[1014/132031.766:ERROR:filesystem_win.cc(129)] GetFileAttributes C:\Users\V J DoN\AppData\Local\Google\Chrome\User Data\Crashpad\attachments\bcff65c4-d66f-4e40-984e-1ba0186e5777: The system cannot find the path specified. (0x3)
[1014/132031.766:ERROR:filesystem_win.cc(129)] GetFileAttributes C:\Users\V J DoN\AppData\Local\Google\Chrome\User Data\Crashpad\attachments\c1724827-3ade-4074-b180-6e9fddebf9b0: The system cannot find the path specified. (0x3)
[1014/132031.782:ERROR:filesystem_win.cc(129)] GetFileAttributes C:\Users\V J DoN\AppData\Local\Google\Chrome\User Data\Crashpad\attachments\c3140629-4203-4d35-a73f-3f595e398972: The system cannot find the path specified. (0x3)
[1014/132031.782:ERROR:filesystem_win.cc(129)] GetFileAttributes C:\Users\V J DoN\AppData\Local\Google\Chrome\User Data\Crashpad\attachments\c499dd6c-98b2-4016-b613-53d3d5fd7317: The system cannot find the path specified. (0x3)
[1014/132031.782:ERROR:filesystem_win.cc(129)] GetFileAttributes C:\Users\V J DoN\AppData\Local\Google\Chrome\User Data\Crashpad\attachments\c4f7de8f-859c-4949-b00b-1cf1729f912c: The system cannot find the path specified. (0x3)
[1014/132031.782:ERROR:filesystem_win.cc(129)] GetFileAttributes C:\Users\V J DoN\AppData\Local\Google\Chrome\User Data\Crashpad\attachments\c8621bf4-2fbd-4341-9d30-36d37b25b250: The system cannot find the path specified. (0x3)
[1014/132031.798:ERROR:filesystem_win.cc(129)] GetFileAttributes C:\Users\V J DoN\AppData\Local\Google\Chrome\User Data\Crashpad\attachments\c9666d7c-b1c7-4052-a33e-12264f4abb8b: The system cannot find the path specified. (0x3)
[1014/132031.798:ERROR:filesystem_win.cc(129)] GetFileAttributes C:\Users\V J DoN\AppData\Local\Google\Chrome\User Data\Crashpad\attachments\cc236978-b4a7-4262-a0cf-8c5754f662a5: The system cannot find the path specified. (0x3)
[1014/132031.798:ERROR:filesystem_win.cc(129)] GetFileAttributes C:\Users\V J DoN\AppData\Local\Google\Chrome\User Data\Crashpad\attachments\d31b8761-17db-4373-afc7-af87fbbd611a: The system cannot find the path specified. (0x3)
[1014/132031.798:ERROR:filesystem_win.cc(129)] GetFileAttributes C:\Users\V J DoN\AppData\Local\Google\Chrome\User Data\Crashpad\attachments\d41b4c0e-3842-48e6-b365-49c0224bd38a: The system cannot find the path specified. (0x3)
[1014/132031.798:ERROR:filesystem_win.cc(129)] GetFileAttributes C:\Users\V J DoN\AppData\Local\Google\Chrome\User Data\Crashpad\attachments\d9bdc64d-92f8-41dd-bf62-1e2610165d07: The system cannot find the path specified. (0x3)
[1014/132031.813:ERROR:filesystem_win.cc(129)] GetFileAttributes C:\Users\V J DoN\AppData\Local\Google\Chrome\User Data\Crashpad\attachments\df672787-9d7d-4ee5-ad83-3d38ce845f5b: The system cannot find the path specified. (0x3)
[1014/132031.813:ERROR:filesystem_win.cc(129)] GetFileAttributes C:\Users\V J DoN\AppData\Local\Google\Chrome\User Data\Crashpad\attachments\dff490bc-a57b-45f1-918c-c62997952d1d: The system cannot find the path specified. (0x3)
[1014/132031.813:ERROR:filesystem_win.cc(129)] GetFileAttributes C:\Users\V J DoN\AppData\Local\Google\Chrome\User Data\Crashpad\attachments\e0e59794-7735-4349-9854-fbad1ee9837e: The system cannot find the path specified. (0x3)
[1014/132031.813:ERROR:filesystem_win.cc(129)] GetFileAttributes C:\Users\V J DoN\AppData\Local\Google\Chrome\User Data\Crashpad\attachments\e40dbed0-e944-4ec1-bfe7-090b03b57351: The system cannot find the path specified. (0x3)
[1014/132031.813:ERROR:filesystem_win.cc(129)] GetFileAttributes C:\Users\V J DoN\AppData\Local\Google\Chrome\User Data\Crashpad\attachments\e7df8fcd-2466-411e-a780-76f97e922d02: The system cannot find the path specified. (0x3)
[1014/132031.813:ERROR:filesystem_win.cc(129)] GetFileAttributes C:\Users\V J DoN\AppData\Local\Google\Chrome\User Data\Crashpad\attachments\ed770fdb-3d8b-40cf-a352-e1e7c1c375e3: The system cannot find the path specified. (0x3)
[1014/132031.813:ERROR:filesystem_win.cc(129)] GetFileAttributes C:\Users\V J DoN\AppData\Local\Google\Chrome\User Data\Crashpad\attachments\f164faf1-0de8-44ee-ae9c-186c8c0afeae: The system cannot find the path specified. (0x3)
[1014/132031.813:ERROR:filesystem_win.cc(129)] GetFileAttributes C:\Users\V J DoN\AppData\Local\Google\Chrome\User Data\Crashpad\attachments\f34ffd7f-5713-465d-bee1-da7ee8041f32: The system cannot find the path specified. (0x3)
[1014/132031.829:ERROR:filesystem_win.cc(129)] GetFileAttributes C:\Users\V J DoN\AppData\Local\Google\Chrome\User Data\Crashpad\attachments\f9723707-ae22-4e0e-bfd6-b023c8718a4d: The system cannot find the path specified. (0x3)
[1014/132031.829:ERROR:filesystem_win.cc(129)] GetFileAttributes C:\Users\V J DoN\AppData\Local\Google\Chrome\User Data\Crashpad\attachments\ffa55321-99ae-4790-835b-1f08c243ab31: The system cannot find the path specified. (0x3)
[1014/132031.829:ERROR:directory_reader_win.cc(43)] FindFirstFile: The system cannot find the path specified. (0x3)
[1015/135641.016:ERROR:directory_reader_win.cc(43)] FindFirstFile: The system cannot find the path specified. (0x3)
[1015/212626.230:ERROR:directory_reader_win.cc(43)] FindFirstFile: The system cannot find the path specified. (0x3)
[1016/231507.132:ERROR:directory_reader_win.cc(43)] FindFirstFile: The system cannot find the path specified. (0x3)
